<?xml version="1.0" encoding="UTF-8"?>
<testsuite name="org.example.CustomerTest" tests="1" skipped="0" failures="0" errors="0" timestamp="2024-05-29T13:52:17" hostname="DESKTOP-BSI8703" time="0.025">
  <properties/>
  <testcase name="메뉴에 해당하는 요리를 주문한다" classname="org.example.CustomerTest" time="0.025"/>
  <system-out><![CDATA[]]></system-out>
  <system-err><![CDATA[]]></system-err>
</testsuite>
